<?xml version="1.0" encoding="UTF-8"?>
<testsuite name="subway.stations.StationConnectionsTest" tests="1" skipped="0" failures="0" errors="0" timestamp="2021-10-25T01:44:49" hostname="DESKTOP-OJ3448H" time="0.329">
  <properties/>
  <testcase name="getConnections()" classname="subway.stations.StationConnectionsTest" time="0.329"/>
  <system-out><![CDATA[]]></system-out>
  <system-err><![CDATA[]]></system-err>
</testsuite>
