<?xml version="1.0" encoding="UTF-8"?>
<testsuite name="subway.stations.SubwayStationsTest" tests="1" skipped="0" failures="0" errors="0" timestamp="2021-10-19T00:18:31" hostname="DESKTOP-OJ3448H" time="0.091">
  <properties/>
  <testcase name="getStations()" classname="subway.stations.SubwayStationsTest" time="0.091"/>
  <system-out><![CDATA[]]></system-out>
  <system-err><![CDATA[]]></system-err>
</testsuite>
